<?xml version="1.0" encoding="UTF-8"?>
<!-- Generated by org.testng.reporters.JUnitReportReporter -->
<testsuite skipped="0" hostname="user-PC" name="test.SM04_NewCustomer" tests="1" failures="0" timestamp="30 Dec 2017 07:28:13 GMT" time="12.007" errors="0">
  <testcase name="SM04_CreateCustomer" time="12.007" classname="test.SM04_NewCustomer"/>
</testsuite> <!-- test.SM04_NewCustomer -->
