<?xml version="1.0" encoding="UTF-8"?>
<!-- Generated by org.testng.reporters.JUnitReportReporter -->
<testsuite hostname="DESKTOP-OEG3EP3" failures="0" tests="8" name="TestSuite.Customer" time="98.892" errors="0" timestamp="28 Jul 2018 19:11:19 GMT" skipped="0">
  <testcase classname="TestSuite.Customer" name="CreateCustomer_CreateAccounts" time="22.844"/>
  <testcase classname="TestSuite.Customer" name="SC08_to_SC13_FundTransfer_CustomisedStatement_BalanceEnquiry" time="28.434"/>
  <testcase classname="TestSuite.Customer" name="SC16_to_SC18_CustomisedStatement" time="14.428"/>
  <testcase classname="TestSuite.Customer" name="SC07_MiniStatement" time="3.435"/>
  <testcase classname="TestSuite.Customer" name="SC14_SC15_MiniStatement" time="6.357"/>
  <testcase classname="TestSuite.Customer" name="SC01_to_SC03_ChangePassword" time="10.573"/>
  <testcase classname="TestSuite.Customer" name="SC04_BalanceEnquiry" time="9.935"/>
  <testcase classname="TestSuite.Customer" name="SC19_Logout" time="2.886"/>
</testsuite> <!-- TestSuite.Customer -->
