<?xml version="1.0" encoding="UTF-8"?>
<!-- Generated by org.testng.reporters.JUnitReportReporter -->
<testsuite skipped="0" hostname="user-PC" name="test.SM05_NewAccount" tests="1" failures="0" timestamp="30 Dec 2017 07:59:06 GMT" time="11.663" errors="0">
  <testcase name="SM05_CreateAccount" time="11.663" classname="test.SM05_NewAccount"/>
</testsuite> <!-- test.SM05_NewAccount -->
