<?xml version="1.0" encoding="UTF-8"?>
<!-- Generated by org.testng.reporters.JUnitReportReporter -->
<testsuite skipped="0" hostname="user-PC" name="test.BankManager" tests="14" failures="0" timestamp="01 Jan 2018 14:36:48 GMT" time="84.802" errors="0">
  <testcase name="SM06_to_SM10_DeleteAccount" time="9.207" classname="test.BankManager"/>
  <testcase name="SM23_EditCustomer" time="3.094" classname="test.BankManager"/>
  <testcase name="SM05_NewAccount" time="6.337" classname="test.BankManager"/>
  <testcase name="SM34_EditAccount" time="4.001" classname="test.BankManager"/>
  <testcase name="SM01_to_SM03_ChangePassword" time="5.454" classname="test.BankManager"/>
  <testcase name="SM35_Logout" time="1.965" classname="test.BankManager"/>
  <testcase name="SM27_to_SM30_Withdrawal_MiniStatement_Balance" time="11.893" classname="test.BankManager"/>
  <testcase name="SM11_SM12_DeleteCustomerWithAccounts" time="1.654" classname="test.BankManager"/>
  <testcase name="SM36_LoginCustomer" time="1.382" classname="test.BankManager"/>
  <testcase name="SM31_to_SM33_CustomisedStatement" time="5.568" classname="test.BankManager"/>
  <testcase name="SM24_SM25_Deposit" time="3.867" classname="test.BankManager"/>
  <testcase name="SM04_CreateCustomer" time="9.531" classname="test.BankManager"/>
  <testcase name="SM13_to_SM15_DeleteCustomerWithoutAccounts" time="2.595" classname="test.BankManager"/>
  <testcase name="SM16_to_SM22_FundsTransfer_CustomizedStatement" time="18.254" classname="test.BankManager"/>
</testsuite> <!-- test.BankManager -->
