<?xml version="1.0" encoding="UTF-8"?>
<!-- Generated by org.testng.reporters.JUnitReportReporter -->
<testsuite skipped="0" hostname="user-PC" name="test.SM01_to_SM03_ChangePassword" tests="2" failures="0" timestamp="30 Dec 2017 04:15:38 GMT" time="7.627" errors="0">
  <testcase name="SM01_IncorrectPassword" time="2.222" classname="test.SM01_to_SM03_ChangePassword"/>
  <testcase name="SM02_SM03_CorrectPassword" time="5.405" classname="test.SM01_to_SM03_ChangePassword"/>
</testsuite> <!-- test.SM01_to_SM03_ChangePassword -->
